2023-07-04 00:18:53 [main] INFO  com.project.ssmproject2.SsmProject2Application - Starting SsmProject2Application using Java 17.0.2 with PID 63036 (E:\Java\MyProject\SSMProject2\target\classes started by Valar Morghulis in E:\Java\MyProject\SSMProject2)
2023-07-04 00:18:53 [main] INFO  com.project.ssmproject2.SsmProject2Application - No active profile set, falling back to 1 default profile: "default"
2023-07-04 00:18:55 [main] INFO  com.project.ssmproject2.SsmProject2Application - Started SsmProject2Application in 2.312 seconds (process running for 3.117)
2023-07-04 00:32:17 [main] INFO  com.project.ssmproject2.SsmProject2Application - Starting SsmProject2Application using Java 17.0.2 with PID 69336 (E:\Java\MyProject\SSMProject2\target\classes started by Valar Morghulis in E:\Java\MyProject\SSMProject2)
2023-07-04 00:32:17 [main] INFO  com.project.ssmproject2.SsmProject2Application - No active profile set, falling back to 1 default profile: "default"
2023-07-04 00:32:19 [main] INFO  com.project.ssmproject2.SsmProject2Application - Started SsmProject2Application in 2.028 seconds (process running for 2.703)
2023-07-04 00:34:54 [main] INFO  com.project.ssmproject2.SsmProject2Application - Starting SsmProject2Application using Java 17.0.2 with PID 27176 (E:\Java\MyProject\SSMProject2\target\classes started by Valar Morghulis in E:\Java\MyProject\SSMProject2)
2023-07-04 00:34:54 [main] INFO  com.project.ssmproject2.SsmProject2Application - No active profile set, falling back to 1 default profile: "default"
2023-07-04 00:34:55 [main] INFO  com.project.ssmproject2.SsmProject2Application - Started SsmProject2Application in 2.075 seconds (process running for 2.661)
2023-07-04 00:41:32 [main] INFO  com.project.ssmproject2.SsmProject2Application - Starting SsmProject2Application using Java 17.0.2 with PID 57432 (E:\Java\MyProject\SSMProject2\target\classes started by Valar Morghulis in E:\Java\MyProject\SSMProject2)
2023-07-04 00:41:32 [main] INFO  com.project.ssmproject2.SsmProject2Application - No active profile set, falling back to 1 default profile: "default"
2023-07-04 00:41:34 [main] INFO  com.project.ssmproject2.SsmProject2Application - Started SsmProject2Application in 1.932 seconds (process running for 2.532)
2023-07-04 00:41:47 [http-nio-9988-exec-1] WARN  c.p.s.service.impl.SmbmsProviderServiceImpl - 用户id为 1 的管理员  添加  了新的供应商 : SmbmsProvider{id=16, proCode=HN_HKS007, proName=椰树有限公司, proDesc=长期合作伙伴，主营产品:茅台、泸州老窖、赖茅酒、法国红酒等, proContact=何老板, proPhone=1359658016, proAddress=海南省海口市秀英区, proFax=0574-34449090, createdBy=1, creationDate=null, modifyDate=null, modifyBy=1, companyLicPicPath=null, orgCodePicPath=null}
2023-07-04 00:46:05 [http-nio-9988-exec-8] WARN  c.p.s.service.impl.SmbmsProviderServiceImpl - 用户id为 1 的管理员  添加  了新的供应商 : SmbmsProvider{id=17, proCode=HN_HKS007, proName=椰树有限公司, proDesc=长期合作伙伴，主营产品:茅台、泸州老窖、赖茅酒、法国红酒等, proContact=何老板, proPhone=1359658016, proAddress=海南省海口市秀英区, proFax=0574-34449090, createdBy=1, creationDate=null, modifyDate=null, modifyBy=1, companyLicPicPath=null, orgCodePicPath=null}
2023-07-04 00:56:02 [main] INFO  com.project.ssmproject2.SsmProject2Application - Starting SsmProject2Application using Java 17.0.2 with PID 69332 (E:\Java\MyProject\SSMProject2\target\classes started by Valar Morghulis in E:\Java\MyProject\SSMProject2)
2023-07-04 00:56:02 [main] INFO  com.project.ssmproject2.SsmProject2Application - No active profile set, falling back to 1 default profile: "default"
2023-07-04 00:56:04 [main] INFO  com.project.ssmproject2.SsmProject2Application - Started SsmProject2Application in 2.163 seconds (process running for 3.172)
2023-07-04 00:56:36 [main] INFO  com.project.ssmproject2.SsmProject2Application - Starting SsmProject2Application using Java 17.0.2 with PID 59580 (E:\Java\MyProject\SSMProject2\target\classes started by Valar Morghulis in E:\Java\MyProject\SSMProject2)
2023-07-04 00:56:36 [main] INFO  com.project.ssmproject2.SsmProject2Application - No active profile set, falling back to 1 default profile: "default"
2023-07-04 00:56:38 [main] INFO  com.project.ssmproject2.SsmProject2Application - Started SsmProject2Application in 2.087 seconds (process running for 2.86)
2023-07-04 01:06:36 [main] INFO  com.project.ssmproject2.SsmProject2Application - Starting SsmProject2Application using Java 17.0.2 with PID 61308 (E:\Java\MyProject\SSMProject2\target\classes started by Valar Morghulis in E:\Java\MyProject\SSMProject2)
2023-07-04 01:06:36 [main] INFO  com.project.ssmproject2.SsmProject2Application - No active profile set, falling back to 1 default profile: "default"
2023-07-04 01:06:38 [main] INFO  com.project.ssmproject2.SsmProject2Application - Started SsmProject2Application in 2.164 seconds (process running for 2.765)
2023-07-04 10:52:38 [main] INFO  com.project.ssmproject2.SsmProject2Application - Starting SsmProject2Application using Java 17.0.2 with PID 84784 (E:\Java\MyProject\SSMProject2\target\classes started by Valar Morghulis in E:\Java\MyProject\SSMProject2)
2023-07-04 10:52:38 [main] INFO  com.project.ssmproject2.SsmProject2Application - No active profile set, falling back to 1 default profile: "default"
2023-07-04 10:52:40 [main] INFO  com.project.ssmproject2.SsmProject2Application - Started SsmProject2Application in 2.226 seconds (process running for 2.987)
2023-07-04 10:56:18 [http-nio-9988-exec-10] WARN  c.p.s.service.impl.SmbmsProviderServiceImpl - 用户id为 1 的管理员  添加  了新的供应商 : SmbmsProvider{id=18, proCode=HN_HKStest, proName=椰树有限公司2, proDesc=长期合作伙伴，主营产品:茅台、泸州老窖、赖茅酒、法国红酒等, proContact=何老板, proPhone=1359658016, proAddress=海南省海口市秀英区, proFax=0574-34449090, createdBy=1, creationDate=null, modifyDate=null, modifyBy=1, companyLicPicPath=null, orgCodePicPath=null}
2023-07-04 10:57:17 [http-nio-9988-exec-4] WARN  c.p.s.service.impl.SmbmsProviderServiceImpl - 用户id为 1 的管理员  更新  了供应商id为 18 的供应商
2023-07-04 11:01:04 [http-nio-9988-exec-2] WARN  c.p.s.service.impl.SmbmsProviderServiceImpl - 用户id为 37 的管理员  更新  了供应商id为 18 的供应商
2023-07-04 11:02:21 [http-nio-9988-exec-3] WARN  c.p.s.service.impl.SmbmsProviderServiceImpl - 用户id为 37 的管理员  添加  了新的供应商 : SmbmsProvider{id=19, proCode=HN_HKStest2, proName=椰树有限公司22, proDesc=长期合作伙伴，主营产品:茅台、泸州老窖、赖茅酒、法国红酒等, proContact=何老板, proPhone=1359658016, proAddress=海南省海口市秀英区, proFax=0574-34449090, createdBy=37, creationDate=null, modifyDate=null, modifyBy=37, companyLicPicPath=null, orgCodePicPath=null}
2023-07-04 11:05:23 [http-nio-9988-exec-6] WARN  c.p.s.service.impl.SmbmsProviderServiceImpl - 用户id为 37 的管理员  删除  了供应商id为 19 的供应商
2023-07-04 11:12:28 [main] INFO  com.project.ssmproject2.SsmProject2Application - Starting SsmProject2Application using Java 17.0.2 with PID 51728 (E:\Java\MyProject\SSMProject2\target\classes started by Valar Morghulis in E:\Java\MyProject\SSMProject2)
2023-07-04 11:12:28 [main] INFO  com.project.ssmproject2.SsmProject2Application - No active profile set, falling back to 1 default profile: "default"
2023-07-04 11:12:30 [main] INFO  com.project.ssmproject2.SsmProject2Application - Started SsmProject2Application in 2.042 seconds (process running for 2.654)
2023-07-04 12:39:58 [main] INFO  com.project.ssmproject2.SsmProject2Application - Starting SsmProject2Application using Java 17.0.2 with PID 80416 (E:\Java\MyProject\SSMProject2\target\classes started by Valar Morghulis in E:\Java\MyProject\SSMProject2)
2023-07-04 12:39:58 [main] INFO  com.project.ssmproject2.SsmProject2Application - No active profile set, falling back to 1 default profile: "default"
2023-07-04 12:39:59 [main] INFO  com.project.ssmproject2.SsmProject2Application - Started SsmProject2Application in 1.961 seconds (process running for 2.591)
2023-07-04 12:41:19 [main] INFO  com.project.ssmproject2.SsmProject2Application - Starting SsmProject2Application using Java 17.0.2 with PID 58520 (E:\Java\MyProject\SSMProject2\target\classes started by Valar Morghulis in E:\Java\MyProject\SSMProject2)
2023-07-04 12:41:19 [main] INFO  com.project.ssmproject2.SsmProject2Application - No active profile set, falling back to 1 default profile: "default"
2023-07-04 12:41:21 [main] INFO  com.project.ssmproject2.SsmProject2Application - Started SsmProject2Application in 2.124 seconds (process running for 3.046)
2023-07-04 12:47:26 [main] INFO  com.project.ssmproject2.SsmProject2Application - Starting SsmProject2Application using Java 17.0.2 with PID 77196 (E:\Java\MyProject\SSMProject2\target\classes started by Valar Morghulis in E:\Java\MyProject\SSMProject2)
2023-07-04 12:47:26 [main] INFO  com.project.ssmproject2.SsmProject2Application - No active profile set, falling back to 1 default profile: "default"
2023-07-04 12:47:27 [main] INFO  com.project.ssmproject2.SsmProject2Application - Started SsmProject2Application in 1.965 seconds (process running for 2.606)
2023-07-04 12:47:54 [http-nio-9988-exec-4] WARN  c.p.ssmproject2.service.impl.SmbmsBillServiceImpl - 用户id为 37 的管理员  添加  了新的订单 : SmbmsBill{id=23, billCode=BILL2023_90, productName=proident aliqua nisi, productDesc=ut officia, productUnit=克, productCount=80155222.06162938, totalPrice=40012312.09027138, isPayment=2, createdBy=37, creationDate=null, modifyBy=37, modifyDate=null, providerId=15}
2023-07-04 12:49:32 [http-nio-9988-exec-8] WARN  c.p.ssmproject2.service.impl.SmbmsBillServiceImpl - 用户id为 37 的管理员  添加  了新的订单 : SmbmsBill{id=24, billCode=BILL2023_null, productName=proident aliqua nisi, productDesc=ut officia, productUnit=克, productCount=80155222.06162938, totalPrice=40012312.09027138, isPayment=2, createdBy=37, creationDate=null, modifyBy=37, modifyDate=null, providerId=15}
2023-07-04 12:53:18 [http-nio-9988-exec-2] WARN  c.p.ssmproject2.service.impl.SmbmsBillServiceImpl - 用户id为 37 的管理员  添加  了新的订单 : SmbmsBill{id=25, billCode=BILL2023_null, productName=proident aliqua nisi, productDesc=ut officia, productUnit=克, productCount=80155222.06162938, totalPrice=40012312.09027138, isPayment=2, createdBy=37, creationDate=null, modifyBy=37, modifyDate=null, providerId=15}
2023-07-04 12:53:27 [main] INFO  com.project.ssmproject2.SsmProject2Application - Starting SsmProject2Application using Java 17.0.2 with PID 76832 (E:\Java\MyProject\SSMProject2\target\classes started by Valar Morghulis in E:\Java\MyProject\SSMProject2)
2023-07-04 12:53:27 [main] INFO  com.project.ssmproject2.SsmProject2Application - No active profile set, falling back to 1 default profile: "default"
2023-07-04 12:53:29 [main] INFO  com.project.ssmproject2.SsmProject2Application - Started SsmProject2Application in 2.007 seconds (process running for 2.644)
2023-07-04 12:54:27 [main] INFO  com.project.ssmproject2.SsmProject2Application - Starting SsmProject2Application using Java 17.0.2 with PID 77948 (E:\Java\MyProject\SSMProject2\target\classes started by Valar Morghulis in E:\Java\MyProject\SSMProject2)
2023-07-04 12:54:27 [main] INFO  com.project.ssmproject2.SsmProject2Application - No active profile set, falling back to 1 default profile: "default"
2023-07-04 12:54:29 [main] INFO  com.project.ssmproject2.SsmProject2Application - Started SsmProject2Application in 1.956 seconds (process running for 2.567)
2023-07-04 13:12:08 [main] INFO  com.project.ssmproject2.SsmProject2Application - Starting SsmProject2Application using Java 17.0.2 with PID 77932 (E:\Java\MyProject\SSMProject2\target\classes started by Valar Morghulis in E:\Java\MyProject\SSMProject2)
2023-07-04 13:12:08 [main] INFO  com.project.ssmproject2.SsmProject2Application - No active profile set, falling back to 1 default profile: "default"
2023-07-04 13:12:09 [main] INFO  com.project.ssmproject2.SsmProject2Application - Started SsmProject2Application in 2.06 seconds (process running for 2.683)
2023-07-04 13:12:24 [http-nio-9988-exec-2] ERROR c.p.ssmproject2.service.impl.SmbmsBillServiceImpl - io.jsonwebtoken.ExpiredJwtException: JWT expired at 2023-07-04T04:58:43Z. Current time: 2023-07-04T05:12:24Z, a difference of 821684 milliseconds.  Allowed clock skew: 0 milliseconds.
2023-07-04 14:15:10 [main] INFO  com.project.ssmproject2.SsmProject2Application - Starting SsmProject2Application using Java 17.0.2 with PID 59956 (E:\Java\MyProject\SSMProject2\target\classes started by Valar Morghulis in E:\Java\MyProject\SSMProject2)
2023-07-04 14:15:10 [main] INFO  com.project.ssmproject2.SsmProject2Application - No active profile set, falling back to 1 default profile: "default"
2023-07-04 14:15:12 [main] INFO  com.project.ssmproject2.SsmProject2Application - Started SsmProject2Application in 2.348 seconds (process running for 3.035)
2023-07-04 14:15:34 [http-nio-9988-exec-2] ERROR c.p.ssmproject2.service.impl.SmbmsBillServiceImpl - io.jsonwebtoken.ExpiredJwtException: JWT expired at 2023-07-04T04:58:43Z. Current time: 2023-07-04T06:15:34Z, a difference of 4611606 milliseconds.  Allowed clock skew: 0 milliseconds.
2023-07-04 14:16:09 [http-nio-9988-exec-3] ERROR c.p.ssmproject2.service.impl.SmbmsBillServiceImpl - io.jsonwebtoken.ExpiredJwtException: JWT expired at 2023-07-04T04:58:43Z. Current time: 2023-07-04T06:16:09Z, a difference of 4646105 milliseconds.  Allowed clock skew: 0 milliseconds.
2023-07-04 14:18:19 [http-nio-9988-exec-7] ERROR c.p.ssmproject2.service.impl.SmbmsBillServiceImpl - io.jsonwebtoken.ExpiredJwtException: JWT expired at 2023-07-04T04:58:43Z. Current time: 2023-07-04T06:18:19Z, a difference of 4776545 milliseconds.  Allowed clock skew: 0 milliseconds.
2023-07-04 14:19:02 [http-nio-9988-exec-10] ERROR c.p.ssmproject2.service.impl.SmbmsBillServiceImpl - io.jsonwebtoken.ExpiredJwtException: JWT expired at 2023-07-04T04:58:43Z. Current time: 2023-07-04T06:19:02Z, a difference of 4819414 milliseconds.  Allowed clock skew: 0 milliseconds.
2023-07-04 14:25:46 [main] INFO  com.project.ssmproject2.SsmProject2Application - Starting SsmProject2Application using Java 17.0.2 with PID 86132 (E:\Java\MyProject\SSMProject2\target\classes started by Valar Morghulis in E:\Java\MyProject\SSMProject2)
2023-07-04 14:25:46 [main] INFO  com.project.ssmproject2.SsmProject2Application - No active profile set, falling back to 1 default profile: "default"
2023-07-04 14:25:48 [main] INFO  com.project.ssmproject2.SsmProject2Application - Started SsmProject2Application in 2.144 seconds (process running for 2.757)
2023-07-04 14:26:13 [main] INFO  com.project.ssmproject2.SsmProject2Application - Starting SsmProject2Application using Java 17.0.2 with PID 85764 (E:\Java\MyProject\SSMProject2\target\classes started by Valar Morghulis in E:\Java\MyProject\SSMProject2)
2023-07-04 14:26:13 [main] INFO  com.project.ssmproject2.SsmProject2Application - No active profile set, falling back to 1 default profile: "default"
2023-07-04 14:26:15 [main] INFO  com.project.ssmproject2.SsmProject2Application - Started SsmProject2Application in 2.174 seconds (process running for 2.841)
2023-07-04 14:36:21 [http-nio-9988-exec-5] WARN  c.p.ssmproject2.service.impl.SmbmsBillServiceImpl - 用户id为 1 的管理员  更新  了供应商id为 23 的供应商
2023-07-04 14:36:40 [main] INFO  com.project.ssmproject2.SsmProject2Application - Starting SsmProject2Application using Java 17.0.2 with PID 73196 (E:\Java\MyProject\SSMProject2\target\classes started by Valar Morghulis in E:\Java\MyProject\SSMProject2)
2023-07-04 14:36:40 [main] INFO  com.project.ssmproject2.SsmProject2Application - No active profile set, falling back to 1 default profile: "default"
2023-07-04 14:36:42 [main] INFO  com.project.ssmproject2.SsmProject2Application - Started SsmProject2Application in 2.242 seconds (process running for 2.908)
2023-07-04 14:40:55 [main] INFO  com.project.ssmproject2.SsmProject2Application - Starting SsmProject2Application using Java 17.0.2 with PID 73956 (E:\Java\MyProject\SSMProject2\target\classes started by Valar Morghulis in E:\Java\MyProject\SSMProject2)
2023-07-04 14:40:55 [main] INFO  com.project.ssmproject2.SsmProject2Application - No active profile set, falling back to 1 default profile: "default"
2023-07-04 14:40:57 [main] INFO  com.project.ssmproject2.SsmProject2Application - Started SsmProject2Application in 2.174 seconds (process running for 2.793)
2023-07-04 14:45:32 [http-nio-9988-exec-5] WARN  c.p.ssmproject2.service.impl.SmbmsBillServiceImpl - 用户id为 1 的管理员  删除  了供应商id为 23 的供应商
2023-07-04 14:48:07 [main] INFO  com.project.ssmproject2.SsmProject2Application - Starting SsmProject2Application using Java 17.0.2 with PID 74756 (E:\Java\MyProject\SSMProject2\target\classes started by Valar Morghulis in E:\Java\MyProject\SSMProject2)
2023-07-04 14:48:07 [main] INFO  com.project.ssmproject2.SsmProject2Application - No active profile set, falling back to 1 default profile: "default"
2023-07-04 14:48:09 [main] INFO  com.project.ssmproject2.SsmProject2Application - Started SsmProject2Application in 2.249 seconds (process running for 2.861)
2023-07-04 14:51:44 [main] INFO  com.project.ssmproject2.SsmProject2Application - Starting SsmProject2Application using Java 17.0.2 with PID 73852 (E:\Java\MyProject\SSMProject2\target\classes started by Valar Morghulis in E:\Java\MyProject\SSMProject2)
2023-07-04 14:51:44 [main] INFO  com.project.ssmproject2.SsmProject2Application - No active profile set, falling back to 1 default profile: "default"
2023-07-04 14:51:46 [main] INFO  com.project.ssmproject2.SsmProject2Application - Started SsmProject2Application in 2.183 seconds (process running for 2.821)
2023-07-04 14:53:53 [main] INFO  com.project.ssmproject2.SsmProject2Application - Starting SsmProject2Application using Java 17.0.2 with PID 86588 (E:\Java\MyProject\SSMProject2\target\classes started by Valar Morghulis in E:\Java\MyProject\SSMProject2)
2023-07-04 14:53:53 [main] INFO  com.project.ssmproject2.SsmProject2Application - No active profile set, falling back to 1 default profile: "default"
2023-07-04 14:53:55 [main] INFO  com.project.ssmproject2.SsmProject2Application - Started SsmProject2Application in 2.038 seconds (process running for 2.65)
2023-07-04 14:55:56 [main] INFO  com.project.ssmproject2.SsmProject2Application - Starting SsmProject2Application using Java 17.0.2 with PID 78824 (E:\Java\MyProject\SSMProject2\target\classes started by Valar Morghulis in E:\Java\MyProject\SSMProject2)
2023-07-04 14:55:56 [main] INFO  com.project.ssmproject2.SsmProject2Application - No active profile set, falling back to 1 default profile: "default"
2023-07-04 14:55:58 [main] INFO  com.project.ssmproject2.SsmProject2Application - Started SsmProject2Application in 2.282 seconds (process running for 2.897)
2023-07-04 15:02:25 [main] INFO  com.project.ssmproject2.SsmProject2Application - Starting SsmProject2Application using Java 17.0.2 with PID 82000 (E:\Java\MyProject\SSMProject2\target\classes started by Valar Morghulis in E:\Java\MyProject\SSMProject2)
2023-07-04 15:02:25 [main] INFO  com.project.ssmproject2.SsmProject2Application - No active profile set, falling back to 1 default profile: "default"
2023-07-04 15:02:27 [main] INFO  com.project.ssmproject2.SsmProject2Application - Started SsmProject2Application in 2.106 seconds (process running for 2.742)
2023-07-04 15:03:28 [main] INFO  com.project.ssmproject2.SsmProject2Application - Starting SsmProject2Application using Java 17.0.2 with PID 79636 (E:\Java\MyProject\SSMProject2\target\classes started by Valar Morghulis in E:\Java\MyProject\SSMProject2)
2023-07-04 15:03:28 [main] INFO  com.project.ssmproject2.SsmProject2Application - No active profile set, falling back to 1 default profile: "default"
2023-07-04 15:03:29 [main] INFO  com.project.ssmproject2.SsmProject2Application - Started SsmProject2Application in 2.109 seconds (process running for 2.74)
2023-07-04 15:04:14 [main] INFO  com.project.ssmproject2.SsmProject2Application - Starting SsmProject2Application using Java 17.0.2 with PID 63500 (E:\Java\MyProject\SSMProject2\target\classes started by Valar Morghulis in E:\Java\MyProject\SSMProject2)
2023-07-04 15:04:14 [main] INFO  com.project.ssmproject2.SsmProject2Application - No active profile set, falling back to 1 default profile: "default"
2023-07-04 15:04:16 [main] INFO  com.project.ssmproject2.SsmProject2Application - Started SsmProject2Application in 2.26 seconds (process running for 2.961)
2023-07-04 15:04:36 [main] INFO  com.project.ssmproject2.SsmProject2Application - Starting SsmProject2Application using Java 17.0.2 with PID 84700 (E:\Java\MyProject\SSMProject2\target\classes started by Valar Morghulis in E:\Java\MyProject\SSMProject2)
2023-07-04 15:04:36 [main] INFO  com.project.ssmproject2.SsmProject2Application - No active profile set, falling back to 1 default profile: "default"
2023-07-04 15:04:38 [main] INFO  com.project.ssmproject2.SsmProject2Application - Started SsmProject2Application in 2.142 seconds (process running for 2.757)
2023-07-04 15:05:15 [main] INFO  com.project.ssmproject2.SsmProject2Application - Starting SsmProject2Application using Java 17.0.2 with PID 76552 (E:\Java\MyProject\SSMProject2\target\classes started by Valar Morghulis in E:\Java\MyProject\SSMProject2)
2023-07-04 15:05:15 [main] INFO  com.project.ssmproject2.SsmProject2Application - No active profile set, falling back to 1 default profile: "default"
2023-07-04 15:05:17 [main] INFO  com.project.ssmproject2.SsmProject2Application - Started SsmProject2Application in 2.123 seconds (process running for 2.739)
2023-07-04 15:06:10 [http-nio-9988-exec-9] WARN  c.p.ssmproject2.service.impl.SmbmsBillServiceImpl - 用户id为 1 的管理员  添加  了新的订单 : SmbmsBill{id=26, billCode=BILL2023_90, productName=proident aliqua nisi, productDesc=ut officia, productUnit=克, productCount=80155222.06162938, totalPrice=40012312.09027138, isPayment=2, createdBy=1, creationDate=null, modifyBy=1, modifyDate=null, providerId=15}
2023-07-04 15:06:27 [http-nio-9988-exec-2] WARN  c.p.ssmproject2.service.impl.SmbmsBillServiceImpl - 用户id为 1 的管理员  删除  了供应商id为 26 的订单
